<?xml version="1.0" encoding="UTF-8"?>
<testng-results skipped="0" failed="1" ignored="1" total="4" passed="2">
  <reporter-output>
    <line>
      <![CDATA[------This testclass started: CricketTest]]>
    </line>
    <line>
      <![CDATA[------This test started: testwireless]]>
    </line>
    <line>
      <![CDATA[------This test sucess: testwireless]]>
    </line>
    <line>
      <![CDATA[------This test started: testcricket]]>
    </line>
    <line>
      <![CDATA[------This test sucess: testcricket]]>
    </line>
    <line>
      <![CDATA[------This testclass finished: CricketTest]]>
    </line>
    <line>
      <![CDATA[------This testclass started: FootballTest]]>
    </line>
    <line>
      <![CDATA[------This test started: testassociation]]>
    </line>
    <line>
      <![CDATA[------This test failed: testassociation]]>
    </line>
    <line>
      <![CDATA[--------------SCREENSHOT CAN BE FOUND AT: D:\WorkSpaceTest\seleniumtestng\.\target\Screenshots\googlefootball\testassociation.png------------]]>
    </line>
  </reporter-output>
  <suite name="SeleniumTestSuite" duration-ms="43100" started-at="2017-11-16T02:55:37Z" finished-at="2017-11-16T02:56:21Z">
    <groups>
      <group name="smoketest">
        <method signature="googlecricket.testcricket(java.lang.String, java.lang.String)[pri:1, instance:cricket.googlecricket@11fc564b]" name="testcricket" class="cricket.googlecricket"/>
        <method signature="googlefootball.testassociation(java.lang.String, java.lang.String)[pri:0, instance:football.googlefootball@2b4bac49]" name="testassociation" class="football.googlefootball"/>
      </group> <!-- smoketest -->
    </groups>
    <test name="CricketTest" duration-ms="29479" started-at="2017-11-16T02:55:37Z" finished-at="2017-11-16T02:56:07Z">
      <class name="cricket.googlecricket">
        <test-method status="PASS" signature="utilitysetup()[pri:0, instance:cricket.googlecricket@11fc564b]" name="utilitysetup" is-config="true" duration-ms="85" started-at="2017-11-16T08:25:37Z" finished-at="2017-11-16T08:25:38Z">
          <reporter-output>
          </reporter-output>
        </test-method> <!-- utilitysetup -->
        <test-method status="PASS" signature="logger()[pri:0, instance:cricket.googlecricket@11fc564b]" name="logger" is-config="true" duration-ms="5" started-at="2017-11-16T08:25:38Z" finished-at="2017-11-16T08:25:38Z">
          <reporter-output>
          </reporter-output>
        </test-method> <!-- logger -->
        <test-method status="PASS" signature="setup(java.lang.reflect.Method)[pri:0, instance:cricket.googlecricket@11fc564b]" name="setup" is-config="true" duration-ms="4387" started-at="2017-11-16T08:25:38Z" finished-at="2017-11-16T08:25:42Z">
          <params>
            <param index="0">
              <value>
                <![CDATA[public void cricket.googlecricket.testwireless(java.lang.String,java.lang.String) throws java.lang.InterruptedException]]>
              </value>
            </param>
          </params>
          <reporter-output>
          </reporter-output>
        </test-method> <!-- setup -->
        <test-method status="PASS" signature="testwireless(java.lang.String, java.lang.String)[pri:0, instance:cricket.googlecricket@11fc564b]" name="testwireless" duration-ms="9929" started-at="2017-11-16T08:25:42Z" data-provider="data" finished-at="2017-11-16T08:25:52Z">
          <params>
            <param index="0">
              <value>
                <![CDATA[wireless]]>
              </value>
            </param>
            <param index="1">
              <value>
                <![CDATA[wireless]]>
              </value>
            </param>
          </params>
          <reporter-output>
            <line>
              <![CDATA[------This test started: testwireless]]>
            </line>
            <line>
              <![CDATA[------This test sucess: testwireless]]>
            </line>
          </reporter-output>
        </test-method> <!-- testwireless -->
        <test-method status="PASS" signature="teardown(java.lang.reflect.Method)[pri:0, instance:cricket.googlecricket@11fc564b]" name="teardown" is-config="true" duration-ms="1152" started-at="2017-11-16T08:25:52Z" finished-at="2017-11-16T08:25:53Z">
          <params>
            <param index="0">
              <value>
                <![CDATA[public void cricket.googlecricket.testwireless(java.lang.String,java.lang.String) throws java.lang.InterruptedException]]>
              </value>
            </param>
          </params>
          <reporter-output>
          </reporter-output>
        </test-method> <!-- teardown -->
        <test-method status="PASS" signature="setup(java.lang.reflect.Method)[pri:0, instance:cricket.googlecricket@11fc564b]" name="setup" is-config="true" duration-ms="3821" started-at="2017-11-16T08:25:53Z" finished-at="2017-11-16T08:25:57Z">
          <params>
            <param index="0">
              <value>
                <![CDATA[public void cricket.googlecricket.testcricket(java.lang.String,java.lang.String) throws java.lang.InterruptedException]]>
              </value>
            </param>
          </params>
          <reporter-output>
          </reporter-output>
        </test-method> <!-- setup -->
        <test-method status="PASS" signature="testcricket(java.lang.String, java.lang.String)[pri:1, instance:cricket.googlecricket@11fc564b]" name="testcricket" duration-ms="9116" started-at="2017-11-16T08:25:57Z" data-provider="data" finished-at="2017-11-16T08:26:06Z">
          <params>
            <param index="0">
              <value>
                <![CDATA[cricket]]>
              </value>
            </param>
            <param index="1">
              <value>
                <![CDATA[cricket]]>
              </value>
            </param>
          </params>
          <reporter-output>
            <line>
              <![CDATA[------This test started: testcricket]]>
            </line>
            <line>
              <![CDATA[------This test sucess: testcricket]]>
            </line>
          </reporter-output>
        </test-method> <!-- testcricket -->
        <test-method status="PASS" signature="teardown(java.lang.reflect.Method)[pri:0, instance:cricket.googlecricket@11fc564b]" name="teardown" is-config="true" duration-ms="975" started-at="2017-11-16T08:26:06Z" finished-at="2017-11-16T08:26:07Z">
          <params>
            <param index="0">
              <value>
                <![CDATA[public void cricket.googlecricket.testcricket(java.lang.String,java.lang.String) throws java.lang.InterruptedException]]>
              </value>
            </param>
          </params>
          <reporter-output>
          </reporter-output>
        </test-method> <!-- teardown -->
        <test-method status="PASS" signature="closelogger()[pri:0, instance:cricket.googlecricket@11fc564b]" name="closelogger" is-config="true" duration-ms="0" started-at="2017-11-16T08:26:07Z" finished-at="2017-11-16T08:26:07Z">
          <reporter-output>
          </reporter-output>
        </test-method> <!-- closelogger -->
        <test-method status="PASS" signature="closeutilitysetup()[pri:0, instance:cricket.googlecricket@11fc564b]" name="closeutilitysetup" is-config="true" duration-ms="0" started-at="2017-11-16T08:26:07Z" finished-at="2017-11-16T08:26:07Z">
          <reporter-output>
          </reporter-output>
        </test-method> <!-- closeutilitysetup -->
      </class> <!-- cricket.googlecricket -->
    </test> <!-- CricketTest -->
    <test name="FootballTest" duration-ms="13601" started-at="2017-11-16T02:56:07Z" finished-at="2017-11-16T02:56:21Z">
      <class name="football.googlefootball">
        <test-method status="PASS" signature="utilitysetup()[pri:0, instance:football.googlefootball@2b4bac49]" name="utilitysetup" is-config="true" duration-ms="47" started-at="2017-11-16T08:26:07Z" finished-at="2017-11-16T08:26:07Z">
          <reporter-output>
          </reporter-output>
        </test-method> <!-- utilitysetup -->
        <test-method status="PASS" signature="logger()[pri:0, instance:football.googlefootball@2b4bac49]" name="logger" is-config="true" duration-ms="0" started-at="2017-11-16T08:26:07Z" finished-at="2017-11-16T08:26:07Z">
          <reporter-output>
          </reporter-output>
        </test-method> <!-- logger -->
        <test-method status="PASS" signature="setup(java.lang.reflect.Method)[pri:0, instance:football.googlefootball@2b4bac49]" name="setup" is-config="true" duration-ms="3731" started-at="2017-11-16T08:26:07Z" finished-at="2017-11-16T08:26:11Z">
          <params>
            <param index="0">
              <value>
                <![CDATA[public void football.googlefootball.testassociation(java.lang.String,java.lang.String) throws java.lang.InterruptedException]]>
              </value>
            </param>
          </params>
          <reporter-output>
          </reporter-output>
        </test-method> <!-- setup -->
        <test-method status="FAIL" signature="testassociation(java.lang.String, java.lang.String)[pri:0, instance:football.googlefootball@2b4bac49]" name="testassociation" duration-ms="8349" started-at="2017-11-16T08:26:11Z" data-provider="data" finished-at="2017-11-16T08:26:19Z">
          <params>
            <param index="0">
              <value>
                <![CDATA[takescreenshot]]>
              </value>
            </param>
            <param index="1">
              <value>
                <![CDATA[disassociation]]>
              </value>
            </param>
          </params>
          <exception class="java.lang.AssertionError">
            <message>
              <![CDATA[Dissociation text not found expected [true] but found [false]]]>
            </message>
            <full-stacktrace>
              <![CDATA[java.lang.AssertionError: Dissociation text not found expected [true] but found [false]
	at org.testng.Assert.fail(Assert.java:93)
	at org.testng.Assert.failNotEquals(Assert.java:512)
	at org.testng.Assert.assertTrue(Assert.java:41)
	at football.googlefootball.testassociation(googlefootball.java:130)
	at sun.reflect.NativeMethodAccessorImpl.invoke0(Native Method)
	at sun.reflect.NativeMethodAccessorImpl.invoke(NativeMethodAccessorImpl.java:62)
	at sun.reflect.DelegatingMethodAccessorImpl.invoke(DelegatingMethodAccessorImpl.java:43)
	at java.lang.reflect.Method.invoke(Method.java:498)
	at org.testng.internal.MethodInvocationHelper.invokeMethod(MethodInvocationHelper.java:108)
	at org.testng.internal.Invoker.invokeMethod(Invoker.java:661)
	at org.testng.internal.Invoker.invokeTestMethod(Invoker.java:869)
	at org.testng.internal.Invoker.invokeTestMethods(Invoker.java:1193)
	at org.testng.internal.TestMethodWorker.invokeTestMethods(TestMethodWorker.java:126)
	at org.testng.internal.TestMethodWorker.run(TestMethodWorker.java:109)
	at org.testng.TestRunner.privateRun(TestRunner.java:744)
	at org.testng.TestRunner.run(TestRunner.java:602)
	at org.testng.SuiteRunner.runTest(SuiteRunner.java:380)
	at org.testng.SuiteRunner.runSequentially(SuiteRunner.java:375)
	at org.testng.SuiteRunner.privateRun(SuiteRunner.java:340)
	at org.testng.SuiteRunner.run(SuiteRunner.java:289)
	at org.testng.SuiteRunnerWorker.runSuite(SuiteRunnerWorker.java:52)
	at org.testng.SuiteRunnerWorker.run(SuiteRunnerWorker.java:86)
	at org.testng.TestNG.runSuitesSequentially(TestNG.java:1301)
	at org.testng.TestNG.runSuitesLocally(TestNG.java:1226)
	at org.testng.TestNG.runSuites(TestNG.java:1144)
	at org.testng.TestNG.run(TestNG.java:1115)
	at Base.TngXMLTest.testng(TngXMLTest.java:95)
	at sun.reflect.NativeMethodAccessorImpl.invoke0(Native Method)
	at sun.reflect.NativeMethodAccessorImpl.invoke(NativeMethodAccessorImpl.java:62)
	at sun.reflect.DelegatingMethodAccessorImpl.invoke(DelegatingMethodAccessorImpl.java:43)
	at java.lang.reflect.Method.invoke(Method.java:498)
	at org.testng.internal.MethodInvocationHelper.invokeMethod(MethodInvocationHelper.java:108)
	at org.testng.internal.Invoker.invokeMethod(Invoker.java:661)
	at org.testng.internal.Invoker.invokeTestMethod(Invoker.java:869)
	at org.testng.internal.Invoker.invokeTestMethods(Invoker.java:1193)
	at org.testng.internal.TestMethodWorker.invokeTestMethods(TestMethodWorker.java:126)
	at org.testng.internal.TestMethodWorker.run(TestMethodWorker.java:109)
	at org.testng.TestRunner.privateRun(TestRunner.java:744)
	at org.testng.TestRunner.run(TestRunner.java:602)
	at org.testng.SuiteRunner.runTest(SuiteRunner.java:380)
	at org.testng.SuiteRunner.runSequentially(SuiteRunner.java:375)
	at org.testng.SuiteRunner.privateRun(SuiteRunner.java:340)
	at org.testng.SuiteRunner.run(SuiteRunner.java:289)
	at org.testng.SuiteRunnerWorker.runSuite(SuiteRunnerWorker.java:52)
	at org.testng.SuiteRunnerWorker.run(SuiteRunnerWorker.java:86)
	at org.testng.TestNG.runSuitesSequentially(TestNG.java:1301)
	at org.testng.TestNG.runSuitesLocally(TestNG.java:1226)
	at org.testng.TestNG.runSuites(TestNG.java:1144)
	at org.testng.TestNG.run(TestNG.java:1115)
	at org.apache.maven.surefire.testng.TestNGExecutor.run(TestNGExecutor.java:76)
	at org.apache.maven.surefire.testng.TestNGDirectoryTestSuite.execute(TestNGDirectoryTestSuite.java:112)
	at org.apache.maven.surefire.testng.TestNGProvider.invoke(TestNGProvider.java:115)
	at sun.reflect.NativeMethodAccessorImpl.invoke0(Native Method)
	at sun.reflect.NativeMethodAccessorImpl.invoke(NativeMethodAccessorImpl.java:62)
	at sun.reflect.DelegatingMethodAccessorImpl.invoke(DelegatingMethodAccessorImpl.java:43)
	at java.lang.reflect.Method.invoke(Method.java:498)
	at org.apache.maven.surefire.util.ReflectionUtils.invokeMethodWithArray(ReflectionUtils.java:189)
	at org.apache.maven.surefire.booter.ProviderFactory$ProviderProxy.invoke(ProviderFactory.java:165)
	at org.apache.maven.surefire.booter.ProviderFactory.invokeProvider(ProviderFactory.java:85)
	at org.apache.maven.surefire.booter.ForkedBooter.runSuitesInProcess(ForkedBooter.java:103)
	at org.apache.maven.surefire.booter.ForkedBooter.main(ForkedBooter.java:74)
]]>
            </full-stacktrace>
          </exception> <!-- java.lang.AssertionError -->
          <reporter-output>
            <line>
              <![CDATA[------This test started: testassociation]]>
            </line>
            <line>
              <![CDATA[------This test failed: testassociation]]>
            </line>
            <line>
              <![CDATA[--------------SCREENSHOT CAN BE FOUND AT: D:\WorkSpaceTest\seleniumtestng\.\target\Screenshots\googlefootball\testassociation.png------------]]>
            </line>
          </reporter-output>
        </test-method> <!-- testassociation -->
        <test-method status="PASS" signature="teardown(java.lang.reflect.Method)[pri:0, instance:football.googlefootball@2b4bac49]" name="teardown" is-config="true" duration-ms="1015" started-at="2017-11-16T08:26:20Z" finished-at="2017-11-16T08:26:21Z">
          <params>
            <param index="0">
              <value>
                <![CDATA[public void football.googlefootball.testassociation(java.lang.String,java.lang.String) throws java.lang.InterruptedException]]>
              </value>
            </param>
          </params>
          <reporter-output>
          </reporter-output>
        </test-method> <!-- teardown -->
        <test-method status="PASS" signature="closelogger()[pri:0, instance:football.googlefootball@2b4bac49]" name="closelogger" is-config="true" duration-ms="0" started-at="2017-11-16T08:26:21Z" finished-at="2017-11-16T08:26:21Z">
          <reporter-output>
          </reporter-output>
        </test-method> <!-- closelogger -->
        <test-method status="PASS" signature="closeutilitysetup()[pri:0, instance:football.googlefootball@2b4bac49]" name="closeutilitysetup" is-config="true" duration-ms="0" started-at="2017-11-16T08:26:21Z" finished-at="2017-11-16T08:26:21Z">
          <reporter-output>
          </reporter-output>
        </test-method> <!-- closeutilitysetup -->
      </class> <!-- football.googlefootball -->
    </test> <!-- FootballTest -->
  </suite> <!-- SeleniumTestSuite -->
</testng-results>
